===compreh train===
EU: {4: 253069, 3: 141399, 5: 78447, 2: 47904, 1: 9336}
ENG: {4: 55823, 3: 25337, 5: 31652, 1: 3541, 2: 10673}
ASIA: {3: 124352, 4: 247577, 5: 87973, 2: 40510, 1: 7691}
CJ: {4: 130167, 5: 66592, 3: 62269, 2: 22345, 1: 3803}
===compreh val===
EU: {3: 17165, 2: 5918, 4: 33044, 5: 10222, 1: 1014}
ENG: {4: 7498, 3: 2610, 2: 455, 5: 5181, 1: 82}
ASIA: {5: 10948, 4: 30679, 3: 16743, 2: 5634, 1: 1009}
CJ: {4: 15787, 5: 6564, 3: 8535, 2: 3617, 1: 998}
===compreh test===
EU: {4: 31919, 3: 17456, 2: 5908, 1: 904, 5: 9612}
ENG: {4: 7538, 5: 3687, 3: 3715, 2: 912, 1: 183}
ASIA: {5: 12561, 3: 14176, 4: 29940, 2: 5227, 1: 969}
CJ: {4: 14735, 5: 8764, 3: 8161, 2: 3260, 1: 621}
===asia compreh train===
LABELS: {3: 124352, 4: 247577, 5: 87973, 2: 40510, 1: 7691}
PROF: {'Advance': 79966, 'Beginner': 314396, 'Intermediate': 106393, 'Fluent': 7348}
TOPIK: {6: 30923, 5: 31468, 0: 284419, 1: 43189, 2: 60717, 3: 26699, 4: 30688}
LABELS SUM: 508103
PROF SUM: 508103
TOPIK SUM: 508103
LABELS PER PROF:
{'Advance': {1: 119, 2: 2194, 3: 12340, 4: 43168, 5: 22145},
 'Beginner': {1: 7220, 2: 34886, 3: 91880, 4: 144330, 5: 36080},
 'Fluent': {2: 57, 3: 756, 4: 3023, 5: 3512},
 'Intermediate': {1: 352, 2: 3373, 3: 19376, 4: 57056, 5: 26236}}
LABELS PER TOPIK:
{0: {1: 5749, 2: 27726, 3: 78412, 4: 134443, 5: 38089},
 1: {1: 491, 2: 4495, 3: 12347, 4: 21328, 5: 4528},
 2: {1: 1238, 2: 5817, 3: 15418, 4: 27901, 5: 10343},
 3: {1: 179, 2: 668, 3: 4876, 4: 13978, 5: 6998},
 4: {1: 3, 2: 1185, 3: 5929, 4: 16938, 5: 6633},
 5: {1: 15, 2: 352, 3: 4173, 4: 17463, 5: 9465},
 6: {1: 16, 2: 267, 3: 3197, 4: 15526, 5: 11917}}
PROF-LABELS PCC: 0.2654531724108011
TOPIK-LABELS PCC (NO 0 LEVEL): 0.28687042847777516
TOPIK-PROF PCC: (NO 0 LEVEL) 0.7525717849272318
- Stats finished
===eu compreh train===
LABELS: {4: 253069, 3: 141399, 5: 78447, 2: 47904, 1: 9336}
PROF: {'Intermediate': 150627, 'Beginner': 317570, 'Advance': 58865, 'Fluent': 3093}
TOPIK: {2: 42731, 0: 364394, 1: 44523, 4: 19805, 5: 22773, 6: 15147, 3: 20782}
LABELS SUM: 530155
PROF SUM: 530155
TOPIK SUM: 530155
LABELS PER PROF:
{'Advance': {1: 126, 2: 1764, 3: 7824, 4: 30155, 5: 18996},
 'Beginner': {1: 8184, 2: 39081, 3: 98297, 4: 143021, 5: 28987},
 'Fluent': {3: 145, 4: 1232, 5: 1716},
 'Intermediate': {1: 1026, 2: 7059, 3: 35133, 4: 78661, 5: 28748}}
LABELS PER TOPIK:
{0: {1: 7417, 2: 35490, 3: 101852, 4: 173788, 5: 45847},
 1: {1: 1481, 2: 7845, 3: 14285, 4: 16805, 5: 4107},
 2: {1: 305, 2: 2683, 3: 12447, 4: 21809, 5: 5487},
 3: {1: 13, 2: 522, 3: 5393, 4: 11481, 5: 3373},
 4: {1: 120, 2: 571, 3: 3660, 4: 10236, 5: 5218},
 5: {2: 539, 3: 2575, 4: 12168, 5: 7491},
 6: {2: 254, 3: 1187, 4: 6782, 5: 6924}}
PROF-LABELS PCC: 0.27517524122319564
TOPIK-LABELS PCC (NO 0 LEVEL): 0.37535886428134224
TOPIK-PROF PCC: (NO 0 LEVEL) 0.8065272632922084
- Stats finished
===eng compreh train===
LABELS: {4: 55823, 3: 25337, 5: 31652, 1: 3541, 2: 10673}
PROF: {'Beginner': 62521, 'Intermediate': 41758, 'Advance': 18918, 'Fluent': 3829}
TOPIK: {2: 6596, 0: 94389, 5: 3780, 3: 4638, 1: 10188, 4: 4609, 6: 2826}
LABELS SUM: 127026
PROF SUM: 127026
TOPIK SUM: 127026
LABELS PER PROF:
{'Advance': {2: 225, 3: 1915, 4: 7365, 5: 9413},
 'Beginner': {1: 3341, 2: 8867, 3: 17090, 4: 25240, 5: 7983},
 'Fluent': {2: 75, 3: 137, 4: 526, 5: 3091},
 'Intermediate': {1: 200, 2: 1506, 3: 6195, 4: 22692, 5: 11165}}
LABELS PER TOPIK:
{0: {1: 2219, 2: 7313, 3: 18635, 4: 42555, 5: 23667},
 1: {1: 1230, 2: 2409, 3: 3048, 4: 2973, 5: 528},
 2: {1: 62, 2: 610, 3: 1495, 4: 2792, 5: 1637},
 3: {2: 164, 3: 741, 4: 2972, 5: 761},
 4: {1: 30, 2: 116, 3: 686, 4: 2137, 5: 1640},
 5: {2: 61, 3: 581, 4: 1770, 5: 1368},
 6: {3: 151, 4: 624, 5: 2051}}
PROF-LABELS PCC: 0.40401530679940445
TOPIK-LABELS PCC (NO 0 LEVEL): 0.49961556038369365
TOPIK-PROF PCC: (NO 0 LEVEL) 0.8344688821695345
- Stats finished
===cj compreh train===
LABELS: {4: 130167, 5: 66592, 3: 62269, 2: 22345, 1: 3803}
PROF: {'Advance': 94985, 'Fluent': 28331, 'Beginner': 88751, 'Intermediate': 73109}
TOPIK: {6: 100229, 0: 83536, 5: 34233, 1: 11449, 3: 14762, 4: 25248, 2: 15719}
LABELS SUM: 285176
PROF SUM: 285176
TOPIK SUM: 285176
LABELS PER PROF:
{'Advance': {1: 598, 2: 4093, 3: 15503, 4: 46462, 5: 28329},
 'Beginner': {1: 2538, 2: 12898, 3: 26897, 4: 37064, 5: 9354},
 'Fluent': {2: 355, 3: 2572, 4: 11256, 5: 14148},
 'Intermediate': {1: 667, 2: 4999, 3: 17297, 4: 35385, 5: 14761}}
LABELS PER TOPIK:
{0: {1: 1366, 2: 8631, 3: 21326, 4: 37945, 5: 14268},
 1: {1: 485, 2: 2045, 3: 4069, 4: 4114, 5: 736},
 2: {1: 396, 2: 1778, 3: 4816, 4: 6915, 5: 1814},
 3: {1: 495, 2: 1623, 3: 4541, 4: 6246, 5: 1857},
 4: {1: 389, 2: 2842, 3: 7344, 4: 10923, 5: 3750},
 5: {1: 416, 2: 3027, 3: 7501, 4: 16729, 5: 6560},
 6: {1: 256, 2: 2399, 3: 12672, 4: 47295, 5: 37607}}
PROF-LABELS PCC: 0.33141320662300827
TOPIK-LABELS PCC (NO 0 LEVEL): 0.3390962447539258
TOPIK-PROF PCC: (NO 0 LEVEL) 0.6788693975355407
- Stats finished
