===pronun===
EU: {'4': 25751, '3': 20497, '2': 9396, '5': 7690, '1': 2465}
ENG: {'4': 6395, '3': 4621, '5': 2800, '2': 1941, '1': 278}
ASIA: {'5': 9009, '4': 27461, '3': 17175, '2': 7165, '1': 2063}
CJ: {'4': 13909, '5': 6422, '3': 8719, '2': 5223, '1': 1268}
Using custom data configuration default-a2e8e91824a57f15
Found cached dataset csv (/home/rhss10/.cache/huggingface/datasets/csv/default-a2e8e91824a57f15/0.0.0/6b34fb8fcf56f7c8ba51dc895bfa2bfbe43546f190a60fcf74bb5e8afdcc2317)
===eu pronun train===
LABELS: {3: 167379, 4: 210468, 2: 72515, 5: 58254, 1: 21539}
PROF: {'Intermediate': 150627, 'Beginner': 317570, 'Advance': 58865, 'Fluent': 3093}
TOPIK: {2: 42731, 0: 364394, 1: 44523, 4: 19805, 5: 22773, 6: 15147, 3: 20782}
LABELS SUM: 530155
PROF SUM: 530155
TOPIK SUM: 530155
LABELS PER PROF:
{'Advance': {1: 622, 2: 2824, 3: 11678, 4: 29712, 5: 14029},
 'Beginner': {1: 18546, 2: 55206, 3: 110104, 4: 111946, 5: 21768},
 'Fluent': {2: 15, 3: 341, 4: 1739, 5: 998},
 'Intermediate': {1: 2371, 2: 14470, 3: 45256, 4: 67071, 5: 21459}}
LABELS PER TOPIK:
{0: {1: 16945, 2: 53706, 3: 118403, 4: 141535, 5: 33805},
 1: {1: 3344, 2: 9146, 3: 16231, 4: 12900, 5: 2902},
 2: {1: 549, 2: 5210, 3: 14720, 4: 17750, 5: 4502},
 3: {1: 307, 2: 1607, 3: 6915, 4: 9256, 5: 2697},
 4: {1: 288, 2: 1566, 3: 4775, 4: 9738, 5: 3438},
 5: {1: 75, 2: 915, 3: 4099, 4: 11837, 5: 5847},
 6: {1: 31, 2: 365, 3: 2236, 4: 7452, 5: 5063}}
PROF-LABELS PCC: 0.26451812524259904
TOPIK-LABELS PCC (NO 0 LEVEL): 0.35733594144365366
TOPIK-PROF PCC: (NO 0 LEVEL) 0.8065272632922084
- Stats finished
===asia pronun train===
LABELS: {3: 150956, 4: 216117, 5: 66343, 1: 18094, 2: 56593}
PROF: {'Advance': 79966, 'Beginner': 314396, 'Intermediate': 106393, 'Fluent': 7348}
TOPIK: {6: 30923, 5: 31468, 0: 284419, 1: 43189, 2: 60717, 3: 26699, 4: 30688}
LABELS SUM: 508103
PROF SUM: 508103
TOPIK SUM: 508103
LABELS PER PROF:
{'Advance': {1: 708, 2: 4235, 3: 18142, 4: 40422, 5: 16459},
 'Beginner': {1: 16552, 2: 45368, 3: 105068, 4: 119407, 5: 28001},
 'Fluent': {1: 14, 2: 253, 3: 834, 4: 3428, 5: 2819},
 'Intermediate': {1: 820, 2: 6737, 3: 26912, 4: 52860, 5: 19064}}
LABELS PER TOPIK:
{0: {1: 13225, 2: 37026, 3: 91623, 4: 113316, 5: 29229},
 1: {1: 1464, 2: 5818, 3: 14494, 4: 17542, 5: 3871},
 2: {1: 2632, 2: 8331, 3: 18115, 4: 24064, 5: 7575},
 3: {1: 349, 2: 1409, 3: 7225, 4: 12689, 5: 5027},
 4: {1: 154, 2: 2241, 3: 8307, 4: 15113, 5: 4873},
 5: {1: 155, 2: 1018, 3: 6406, 4: 17108, 5: 6781},
 6: {1: 115, 2: 750, 3: 4786, 4: 16285, 5: 8987}}
PROF-LABELS PCC: 0.24895449588682678
TOPIK-LABELS PCC (NO 0 LEVEL): 0.2693814001915227
TOPIK-PROF PCC: (NO 0 LEVEL) 0.7525717849272318
- Stats finished
